<?xml version="1.0" encoding="UTF-8"?>
<testng-results skipped="0" failed="0" ignored="0" total="1" passed="1">
  <reporter-output>
  </reporter-output>
  <suite name="Suite" duration-ms="16701" started-at="2023-09-16T15:47:22 IST" finished-at="2023-09-16T15:47:39 IST">
    <groups>
    </groups>
    <test name="Test" duration-ms="16701" started-at="2023-09-16T15:47:22 IST" finished-at="2023-09-16T15:47:39 IST">
      <class name="virtualDevices.AppTestClock">
        <test-method status="PASS" signature="verifyDate()[pri:0, instance:virtualDevices.AppTestClock@14acaea5]" name="verifyDate" duration-ms="16676" started-at="2023-09-16T15:47:22 IST" finished-at="2023-09-16T15:47:39 IST">
          <reporter-output>
          </reporter-output>
        </test-method> <!-- verifyDate -->
      </class> <!-- virtualDevices.AppTestClock -->
    </test> <!-- Test -->
  </suite> <!-- Suite -->
</testng-results>
