<?xml version="1.0" encoding="UTF-8"?>
<testng-results ignored="0" total="1" passed="1" failed="0" skipped="0">
  <reporter-output>
  </reporter-output>
  <suite started-at="2023-09-16T15:36:08 IST" name="Default suite" finished-at="2023-09-16T15:36:24 IST" duration-ms="15374">
    <groups>
    </groups>
    <test started-at="2023-09-16T15:36:08 IST" name="Default test" finished-at="2023-09-16T15:36:24 IST" duration-ms="15374">
      <class name="virtualDevices.AppTestClock">
        <test-method signature="verifyDate()[pri:0, instance:virtualDevices.AppTestClock@770d3326]" started-at="2023-09-16T15:36:08 IST" name="verifyDate" finished-at="2023-09-16T15:36:24 IST" duration-ms="15346" status="PASS">
          <reporter-output>
          </reporter-output>
        </test-method> <!-- verifyDate -->
      </class> <!-- virtualDevices.AppTestClock -->
    </test> <!-- Default test -->
  </suite> <!-- Default suite -->
</testng-results>
